<?xml version="1.0" encoding="UTF-8"?>
<!-- Generated by org.testng.reporters.JUnitXMLReporter -->
<testsuite ignored="1" hostname="LAPTOP-NTBDJ1UC" failures="0" tests="3" name="Default test" time="0.146" errors="0" timestamp="2022-07-22T15:09:29 CEST">
  <testcase classname="testng.Program3" name="chats" time="0.018"/>
  <testcase classname="testng.Program3" name="calls" time="0.003"/>
  <testcase classname="testng.Program3" name="calls" time="0.004"/>
  <testcase classname="testng.Program3" name="settings" time="0.0">
    <ignored/>
  </testcase> <!-- settings -->
</testsuite> <!-- Default test -->
